<?xml version="1.0" encoding="UTF-8"?>
<!-- Generated by org.testng.reporters.JUnitReportReporter -->
<testsuite skipped="0" hostname="Sony-PC" name="com.qa.test.TestNGDemo" tests="4" failures="0" timestamp="28 Apr 2018 03:21:11 GMT" time="0.021" errors="0">
  <testcase name="sum" time="0.000" classname="com.qa.test.TestNGDemo"/>
  <testcase name="mul" time="0.000" classname="com.qa.test.TestNGDemo"/>
  <testcase name="div" time="0.021" classname="com.qa.test.TestNGDemo"/>
  <testcase name="sub" time="0.000" classname="com.qa.test.TestNGDemo"/>
</testsuite> <!-- com.qa.test.TestNGDemo -->
